-------------------------------------------------------------------------------
Test set: com.example.controller.SimpleAuthControllerTest
-------------------------------------------------------------------------------
Tests run: 1, Failures: 0, Errors: 1, Skipped: 0, Time elapsed: 0.260 s <<< FAILURE! -- in com.example.controller.SimpleAuthControllerTest
com.example.controller.SimpleAuthControllerTest -- Time elapsed: 0.260 s <<< ERROR!
io.micronaut.context.exceptions.ConfigurationException: No backing TransactionOperations configured. Check your configuration and try again
	at io.micronaut.transaction.support.DefaultTransactionOperationsRegistry.provideSynchronous(DefaultTransactionOperationsRegistry.java:51)
	at io.micronaut.transaction.interceptor.TransactionalInterceptor.lambda$intercept$0(TransactionalInterceptor.java:108)
	at java.base/java.util.concurrent.ConcurrentHashMap.computeIfAbsent(ConcurrentHashMap.java:1708)
	at io.micronaut.transaction.interceptor.TransactionalInterceptor.intercept(TransactionalInterceptor.java:94)
	at io.micronaut.aop.chain.MethodInterceptorChain.proceed(MethodInterceptorChain.java:137)
	at com.example.$DataLoader$Definition$Intercepted.onApplicationEvent(Unknown Source)
	at com.example.DataLoader.onApplicationEvent(DataLoader.java:16)
	at io.micronaut.context.event.ApplicationEventPublisherFactory.notifyEventListeners(ApplicationEventPublisherFactory.java:266)
	at io.micronaut.context.event.ApplicationEventPublisherFactory$2.publishEvent(ApplicationEventPublisherFactory.java:226)
	at io.micronaut.context.DefaultBeanContext.publishEvent(DefaultBeanContext.java:1815)
	at io.micronaut.context.DefaultBeanContext.start(DefaultBeanContext.java:376)
	at io.micronaut.context.DefaultApplicationContext.start(DefaultApplicationContext.java:199)
	at io.micronaut.test.extensions.AbstractMicronautExtension.startApplicationContext(AbstractMicronautExtension.java:502)
	at io.micronaut.test.extensions.AbstractMicronautExtension.beforeClass(AbstractMicronautExtension.java:341)
	at io.micronaut.test.extensions.junit5.MicronautJunit5Extension.beforeAll(MicronautJunit5Extension.java:84)
	at java.base/java.util.ArrayList.forEach(ArrayList.java:1596)
Caused by: io.micronaut.context.exceptions.NoSuchBeanException: No bean of type [io.micronaut.transaction.TransactionOperations] exists. 
* [TransactionOperations] requires the presence of a bean of type [javax.sql.DataSource] which does not exist.
* [DataSource] requires the presence of a bean of type [io.micronaut.configuration.jdbc.hikari.DatasourceConfiguration] which does not exist.
* [DatasourceConfiguration] requires the presence of configuration. No configuration entries found under the prefix: [datasources.default]. Provide the necessary configuration to resolve this issue.
	at io.micronaut.context.DefaultBeanContext.newNoSuchBeanException(DefaultBeanContext.java:2766)
	at io.micronaut.context.DefaultApplicationContext.newNoSuchBeanException(DefaultApplicationContext.java:304)
	at io.micronaut.context.DefaultBeanContext.resolveBeanRegistration(DefaultBeanContext.java:2735)
	at io.micronaut.context.DefaultBeanContext.getBean(DefaultBeanContext.java:1729)
	at io.micronaut.context.DefaultBeanContext.getBean(DefaultBeanContext.java:856)
	at io.micronaut.context.DefaultBeanContext.getBean(DefaultBeanContext.java:841)
	at io.micronaut.transaction.support.DefaultTransactionOperationsRegistry.provideSynchronous(DefaultTransactionOperationsRegistry.java:49)
	... 15 more

