<?xml version="1.0" encoding="UTF-8"?>
<testsuite xmlns:xsi="http://www.w3.org/2001/XMLSchema-instance" xsi:noNamespaceSchemaLocation="https://maven.apache.org/surefire/maven-surefire-plugin/xsd/surefire-test-report-3.0.xsd" version="3.0" name="com.example.controller.SimpleAuthControllerTest" time="0.26" tests="1" errors="1" skipped="0" failures="0">
  <properties>
[...]
</properties>
  <testcase name="" classname="com.example.controller.SimpleAuthControllerTest" time="0.26">
    <error message="No backing TransactionOperations configured. Check your configuration and try again" type="io.micronaut.context.exceptions.ConfigurationException"><![CDATA[io.micronaut.context.exceptions.ConfigurationException: No backing TransactionOperations configured. Check your configuration and try again
	at io.micronaut.transaction.support.DefaultTransactionOperationsRegistry.provideSynchronous(DefaultTransactionOperationsRegistry.java:51)
	at io.micronaut.transaction.interceptor.TransactionalInterceptor.lambda$intercept$0(TransactionalInterceptor.java:108)
	at java.base/java.util.concurrent.ConcurrentHashMap.computeIfAbsent(ConcurrentHashMap.java:1708)
	at io.micronaut.transaction.interceptor.TransactionalInterceptor.intercept(TransactionalInterceptor.java:94)
	at io.micronaut.aop.chain.MethodInterceptorChain.proceed(MethodInterceptorChain.java:137)
	at com.example.$DataLoader$Definition$Intercepted.onApplicationEvent(Unknown Source)
	at com.example.DataLoader.onApplicationEvent(DataLoader.java:16)
	at io.micronaut.context.event.ApplicationEventPublisherFactory.notifyEventListeners(ApplicationEventPublisherFactory.java:266)
	at io.micronaut.context.event.ApplicationEventPublisherFactory$2.publishEvent(ApplicationEventPublisherFactory.java:226)
	at io.micronaut.context.DefaultBeanContext.publishEvent(DefaultBeanContext.java:1815)
	at io.micronaut.context.DefaultBeanContext.start(DefaultBeanContext.java:376)
	at io.micronaut.context.DefaultApplicationContext.start(DefaultApplicationContext.java:199)
	at io.micronaut.test.extensions.AbstractMicronautExtension.startApplicationContext(AbstractMicronautExtension.java:502)
	at io.micronaut.test.extensions.AbstractMicronautExtension.beforeClass(AbstractMicronautExtension.java:341)
	at io.micronaut.test.extensions.junit5.MicronautJunit5Extension.beforeAll(MicronautJunit5Extension.java:84)
	at java.base/java.util.ArrayList.forEach(ArrayList.java:1596)
Caused by: io.micronaut.context.exceptions.NoSuchBeanException: No bean of type [io.micronaut.transaction.TransactionOperations] exists. 
* [TransactionOperations] requires the presence of a bean of type [javax.sql.DataSource] which does not exist.
* [DataSource] requires the presence of a bean of type [io.micronaut.configuration.jdbc.hikari.DatasourceConfiguration] which does not exist.
* [DatasourceConfiguration] requires the presence of configuration. No configuration entries found under the prefix: [datasources.default]. Provide the necessary configuration to resolve this issue.
	at io.micronaut.context.DefaultBeanContext.newNoSuchBeanException(DefaultBeanContext.java:2766)
	at io.micronaut.context.DefaultApplicationContext.newNoSuchBeanException(DefaultApplicationContext.java:304)
	at io.micronaut.context.DefaultBeanContext.resolveBeanRegistration(DefaultBeanContext.java:2735)
	at io.micronaut.context.DefaultBeanContext.getBean(DefaultBeanContext.java:1729)
	at io.micronaut.context.DefaultBeanContext.getBean(DefaultBeanContext.java:856)
	at io.micronaut.context.DefaultBeanContext.getBean(DefaultBeanContext.java:841)
	at io.micronaut.transaction.support.DefaultTransactionOperationsRegistry.provideSynchronous(DefaultTransactionOperationsRegistry.java:49)
	... 15 more
]]></error>
  </testcase>
</testsuite>